INFO 2025-11-19 21:19:20,837 autoreload 2968 9172 Watching for file changes with StatReloader
INFO 2025-11-19 21:19:58,528 autoreload 2968 9172 C:\Users\user1\Desktop\RecipemanagerAPI\RecipeAPI\RecipeAPI\settings.py changed, reloading.
INFO 2025-11-19 21:20:00,597 autoreload 19176 6088 Watching for file changes with StatReloader
INFO 2025-11-19 21:40:22,288 autoreload 22944 13476 Watching for file changes with StatReloader
INFO 2025-11-19 21:44:12,721 autoreload 18328 20528 Watching for file changes with StatReloader
INFO 2025-11-19 21:45:06,735 autoreload 4364 10116 Watching for file changes with StatReloader
INFO 2025-11-19 23:17:01,709 autoreload 17760 17248 Watching for file changes with StatReloader
INFO 2025-11-20 08:11:37,788 autoreload 16172 5480 Watching for file changes with StatReloader
INFO 2025-11-20 08:15:51,178 autoreload 14352 14044 Watching for file changes with StatReloader
INFO 2025-11-20 08:17:17,780 autoreload 14352 14044 C:\Users\user1\Desktop\RecipemanagerAPI\RecipeAPI\RecipeAPI\settings.py changed, reloading.
INFO 2025-11-20 08:17:20,876 autoreload 16880 4828 Watching for file changes with StatReloader
INFO 2025-11-20 08:17:26,087 autoreload 16880 4828 C:\Users\user1\Desktop\RecipemanagerAPI\RecipeAPI\RecipeAPI\settings.py changed, reloading.
INFO 2025-11-20 08:17:28,260 autoreload 15312 4120 Watching for file changes with StatReloader
INFO 2025-11-20 08:17:37,747 autoreload 15312 4120 C:\Users\user1\Desktop\RecipemanagerAPI\RecipeAPI\RecipeAPI\settings.py changed, reloading.
INFO 2025-11-20 08:17:39,823 autoreload 4052 12904 Watching for file changes with StatReloader
INFO 2025-11-20 08:17:44,162 autoreload 4052 12904 C:\Users\user1\Desktop\RecipemanagerAPI\RecipeAPI\RecipeAPI\settings.py changed, reloading.
INFO 2025-11-20 08:17:46,341 autoreload 16272 1184 Watching for file changes with StatReloader
INFO 2025-11-20 08:18:14,058 autoreload 16272 1184 C:\Users\user1\Desktop\RecipemanagerAPI\RecipeAPI\RecipeAPI\settings.py changed, reloading.
INFO 2025-11-20 08:18:50,997 autoreload 19652 10380 Watching for file changes with StatReloader
INFO 2025-11-20 08:20:30,856 autoreload 19652 10380 C:\Users\user1\Desktop\RecipemanagerAPI\RecipeAPI\accounts\apps.py changed, reloading.
INFO 2025-11-20 08:20:33,409 autoreload 18544 1864 Watching for file changes with StatReloader
INFO 2025-11-20 08:20:51,685 autoreload 18544 1864 C:\Users\user1\Desktop\RecipemanagerAPI\RecipeAPI\recipe\apps.py changed, reloading.
INFO 2025-11-20 08:20:54,858 autoreload 8140 13356 Watching for file changes with StatReloader
INFO 2025-11-20 08:21:48,008 autoreload 8140 13356 C:\Users\user1\Desktop\RecipemanagerAPI\RecipeAPI\RecipeAPI\settings.py changed, reloading.
INFO 2025-11-20 08:21:51,378 autoreload 1488 8316 Watching for file changes with StatReloader
INFO 2025-11-20 08:23:18,010 autoreload 1488 8316 C:\Users\user1\Desktop\RecipemanagerAPI\RecipeAPI\RecipeAPI\settings.py changed, reloading.
INFO 2025-11-20 08:23:20,966 autoreload 18636 4120 Watching for file changes with StatReloader
INFO 2025-11-20 08:24:59,744 autoreload 17552 5324 Watching for file changes with StatReloader
INFO 2025-11-20 08:42:06,048 autoreload 17552 5324 C:\Users\user1\Desktop\RecipemanagerAPI\RecipeAPI\accounts\views.py changed, reloading.
INFO 2025-11-20 08:42:08,513 autoreload 14628 8804 Watching for file changes with StatReloader
INFO 2025-11-20 08:42:13,507 autoreload 14628 8804 C:\Users\user1\Desktop\RecipemanagerAPI\RecipeAPI\accounts\views.py changed, reloading.
INFO 2025-11-20 08:42:15,178 autoreload 20380 13696 Watching for file changes with StatReloader
INFO 2025-11-20 08:42:22,847 autoreload 20380 13696 C:\Users\user1\Desktop\RecipemanagerAPI\RecipeAPI\accounts\views.py changed, reloading.
INFO 2025-11-20 08:42:25,334 autoreload 16680 9176 Watching for file changes with StatReloader
INFO 2025-11-20 08:42:28,935 autoreload 16680 9176 C:\Users\user1\Desktop\RecipemanagerAPI\RecipeAPI\accounts\views.py changed, reloading.
INFO 2025-11-20 08:42:30,739 autoreload 16812 14984 Watching for file changes with StatReloader
INFO 2025-11-20 08:42:35,788 autoreload 16812 14984 C:\Users\user1\Desktop\RecipemanagerAPI\RecipeAPI\accounts\views.py changed, reloading.
INFO 2025-11-20 08:42:37,716 autoreload 16744 5292 Watching for file changes with StatReloader
INFO 2025-11-20 08:42:44,394 autoreload 16744 5292 C:\Users\user1\Desktop\RecipemanagerAPI\RecipeAPI\accounts\views.py changed, reloading.
INFO 2025-11-20 08:42:46,696 autoreload 5396 11304 Watching for file changes with StatReloader
INFO 2025-11-20 08:44:33,956 autoreload 5396 11304 C:\Users\user1\Desktop\RecipemanagerAPI\RecipeAPI\recipe\serializers.py changed, reloading.
INFO 2025-11-20 08:44:35,937 autoreload 4496 8908 Watching for file changes with StatReloader
INFO 2025-11-20 08:45:16,064 autoreload 4496 8908 C:\Users\user1\Desktop\RecipemanagerAPI\RecipeAPI\recipe\views.py changed, reloading.
INFO 2025-11-20 08:45:54,074 autoreload 15064 980 Watching for file changes with StatReloader
INFO 2025-11-20 08:50:11,493 autoreload 10508 11444 Watching for file changes with StatReloader
INFO 2025-11-20 08:50:52,484 autoreload 10508 11444 C:\Users\user1\Desktop\RecipemanagerAPI\RecipeAPI\accounts\models.py changed, reloading.
INFO 2025-11-20 08:50:54,607 autoreload 18272 14380 Watching for file changes with StatReloader
INFO 2025-11-20 08:52:36,354 autoreload 2828 18748 Watching for file changes with StatReloader
INFO 2025-11-20 09:15:26,954 autoreload 6840 13984 Watching for file changes with StatReloader
INFO 2025-11-20 09:18:50,602 autoreload 6840 13984 C:\Users\user1\Desktop\RecipemanagerAPI\RecipeAPI\RecipeAPI\settings.py changed, reloading.
INFO 2025-11-20 09:18:55,714 autoreload 892 19388 Watching for file changes with StatReloader
INFO 2025-11-20 09:19:00,819 autoreload 892 19388 C:\Users\user1\Desktop\RecipemanagerAPI\RecipeAPI\RecipeAPI\settings.py changed, reloading.
INFO 2025-11-20 09:19:03,991 autoreload 22868 20104 Watching for file changes with StatReloader
ERROR 2025-11-20 09:19:27,581 basehttp 22868 18620 "GET / HTTP/1.1" 500 59
ERROR 2025-11-20 09:19:32,679 basehttp 22868 18620 "GET /favicon.ico HTTP/1.1" 500 59
INFO 2025-11-20 09:24:02,700 autoreload 22868 20104 C:\Users\user1\Desktop\RecipemanagerAPI\RecipeAPI\RecipeAPI\wsgi.py changed, reloading.
INFO 2025-11-20 09:24:04,429 autoreload 20772 22292 Watching for file changes with StatReloader
INFO 2025-11-20 09:24:15,621 autoreload 20772 22292 C:\Users\user1\Desktop\RecipemanagerAPI\RecipeAPI\RecipeAPI\wsgi.py changed, reloading.
INFO 2025-11-20 09:24:17,275 autoreload 12556 8140 Watching for file changes with StatReloader
INFO 2025-11-20 09:24:33,045 basehttp 12556 10228 "GET / HTTP/1.1" 301 0
INFO 2025-11-20 09:24:33,053 basehttp 12556 3340 code 400, message Bad request version ('ðák\x9a')
ERROR 2025-11-20 09:24:33,055 basehttp 12556 3340 You're accessing the development server over HTTPS, but it only supports HTTP.
INFO 2025-11-20 09:24:33,057 basehttp 12556 20880 code 400, message Bad request version ('ø\x98}züÒ\x12³Ô\x10²z\x0eï_Zs4\x1a\x02\x05\x18\x06¨\x8eA2')
ERROR 2025-11-20 09:24:33,059 basehttp 12556 20880 You're accessing the development server over HTTPS, but it only supports HTTP.
INFO 2025-11-20 09:24:39,374 basehttp 12556 17360 code 400, message Bad request version ('\x00\x02\x01\x00\x00')
ERROR 2025-11-20 09:24:39,378 basehttp 12556 17360 You're accessing the development server over HTTPS, but it only supports HTTP.
INFO 2025-11-20 09:24:39,386 basehttp 12556 13400 code 400, message Bad request version ('ºº\x13\x01\x13\x02\x13\x03À+À/À,À0Ì©Ì¨À\x13À\x14\x00\x9c\x00\x9d\x00/\x005\x01\x00\x06S')
ERROR 2025-11-20 09:24:39,388 basehttp 12556 13400 You're accessing the development server over HTTPS, but it only supports HTTP.
INFO 2025-11-20 09:24:39,391 basehttp 12556 3384 code 400, message Bad request version ('\x00\x12\x00\x10\x04\x03\x08\x04\x04\x01\x05\x03\x08\x05\x05\x01\x08\x06\x06\x01ÿ\x01\x00\x01\x00\x00\x17\x00\x00\x00\x1b\x00\x03\x02\x00\x02\x00')
INFO 2025-11-20 09:24:39,391 basehttp 12556 7376 code 400, message Bad request version ("RÈRÑW\x8fF0é\x98Nè«®\x93\x13ks÷S\x83ùÅ/\x9c04\x95\x8b¶ô\x90ÓT'~,1cv\x8fO\x16³gW\x14Ê\x82\x800ç[dg¾8Ãn\x98ÄÁÝ!y¤\x02")
ERROR 2025-11-20 09:24:39,392 basehttp 12556 3384 You're accessing the development server over HTTPS, but it only supports HTTP.
ERROR 2025-11-20 09:24:39,394 basehttp 12556 7376 You're accessing the development server over HTTPS, but it only supports HTTP.
INFO 2025-11-20 09:24:51,303 basehttp 12556 13856 code 400, message Bad request version ("á\x95py\x81Û\x0eA-÷#\x99÷ä\x03'6\x9cP\xadDg©1\x03Á\x06¿ù\x10\x16g\x00ð-")
ERROR 2025-11-20 09:24:51,311 basehttp 12556 13856 You're accessing the development server over HTTPS, but it only supports HTTP.
INFO 2025-11-20 09:24:51,313 basehttp 12556 9152 code 400, message Bad request version ('êê\x13\x01\x13\x02\x13\x03À+À/À,À0Ì©Ì¨À\x13À\x14\x00\x9c\x00\x9d\x00/\x005\x01\x00\x06Sªª\x00\x00\x00\x17\x00\x00\x00\x05\x00\x05\x01\x00\x00\x00\x00\x00')
ERROR 2025-11-20 09:24:51,317 basehttp 12556 9152 You're accessing the development server over HTTPS, but it only supports HTTP.
INFO 2025-11-20 09:24:51,319 basehttp 12556 9024 code 400, message Bad request version ('1\x82bBS]^')
ERROR 2025-11-20 09:24:51,320 basehttp 12556 9024 You're accessing the development server over HTTPS, but it only supports HTTP.
INFO 2025-11-20 09:24:51,321 basehttp 12556 1760 code 400, message Bad request version ('\x00\x02\x01\x00\x00')
ERROR 2025-11-20 09:24:51,323 basehttp 12556 1760 You're accessing the development server over HTTPS, but it only supports HTTP.
INFO 2025-11-20 09:24:56,434 basehttp 12556 13852 code 400, message Bad request version ('C\x03K.FäX¯í\x00')
ERROR 2025-11-20 09:24:56,436 basehttp 12556 13852 You're accessing the development server over HTTPS, but it only supports HTTP.
INFO 2025-11-20 09:24:56,438 basehttp 12556 12140 code 400, message Bad HTTP/0.9 request type ('\x16\x03\x01\x06À\x01\x00\x06¼\x03\x03zJ\x97\x13\x9bÇ\x9af]\x8bHÁG\x8d-\xad!íÿ\x07âßQ\x1ae')
ERROR 2025-11-20 09:24:56,446 basehttp 12556 12140 You're accessing the development server over HTTPS, but it only supports HTTP.
INFO 2025-11-20 09:24:56,449 basehttp 12556 8724 code 400, message Bad request version ('£7\x812kqâ')
ERROR 2025-11-20 09:24:56,451 basehttp 12556 8724 You're accessing the development server over HTTPS, but it only supports HTTP.
INFO 2025-11-20 09:24:56,454 basehttp 12556 15972 code 400, message Bad request version ('ßïfod')
ERROR 2025-11-20 09:24:56,455 basehttp 12556 15972 You're accessing the development server over HTTPS, but it only supports HTTP.
INFO 2025-11-20 09:27:52,438 autoreload 3112 10960 Watching for file changes with StatReloader
INFO 2025-11-20 09:28:06,511 basehttp 3112 4668 code 400, message Bad HTTP/0.9 request type ('\x16\x03\x01\x07\x00\x01\x00\x06ü\x03\x03,ÙP\x94Gàiÿ¨Ô=dÉîr\x10J"Õã¨:ZÑ\x8dr\x83øXÔ\x93\x91')
ERROR 2025-11-20 09:28:06,514 basehttp 3112 4668 You're accessing the development server over HTTPS, but it only supports HTTP.
INFO 2025-11-20 09:28:06,522 basehttp 3112 14996 code 400, message Bad request version ('ØbeD6>w7\x91ÙÅº*lP\x97\x88ßx±CÉU_y\x07')
ERROR 2025-11-20 09:28:06,524 basehttp 3112 14996 You're accessing the development server over HTTPS, but it only supports HTTP.
INFO 2025-11-20 09:28:31,329 basehttp 3112 2116 code 400, message Bad request version ('?\x10bA')
ERROR 2025-11-20 09:28:31,331 basehttp 3112 2116 You're accessing the development server over HTTPS, but it only supports HTTP.
INFO 2025-11-20 09:28:31,332 basehttp 3112 19968 code 400, message Bad request version ('ZZ\x13\x01\x13\x02\x13\x03À+À/À,À0Ì©Ì¨À\x13À\x14\x00\x9c\x00\x9d\x00/\x005\x01\x00\x06S\x9a\x9a\x00\x00\x00\x17\x00\x00ÿ\x01\x00\x01\x00\x00')
ERROR 2025-11-20 09:28:31,340 basehttp 3112 19968 You're accessing the development server over HTTPS, but it only supports HTTP.
INFO 2025-11-20 09:28:31,343 basehttp 3112 21908 code 400, message Bad request version ('<wXc\x95ö\x96è')
INFO 2025-11-20 09:28:31,343 basehttp 3112 16368 code 400, message Bad request version ('êê\x13\x01\x13\x02\x13\x03À+À/À,À0Ì©Ì¨À\x13À\x14\x00\x9c\x00\x9d\x00/\x005\x01\x00\x063\x8a\x8a\x00\x00\x00')
ERROR 2025-11-20 09:28:31,344 basehttp 3112 21908 You're accessing the development server over HTTPS, but it only supports HTTP.
ERROR 2025-11-20 09:28:31,345 basehttp 3112 16368 You're accessing the development server over HTTPS, but it only supports HTTP.
ERROR 2025-11-20 09:58:58,843 log 11796 1500 Internal Server Error: /health/
Traceback (most recent call last):
  File "C:\Users\user1\Desktop\RecipemanagerAPI\env\Lib\site-packages\rest_framework\views.py", line 503, in dispatch
    self.initial(request, *args, **kwargs)
    ~~~~~~~~~~~~^^^^^^^^^^^^^^^^^^^^^^^^^^
  File "C:\Users\user1\Desktop\RecipemanagerAPI\env\Lib\site-packages\rest_framework\views.py", line 420, in initial
    self.perform_authentication(request)
    ~~~~~~~~~~~~~~~~~~~~~~~~~~~^^^^^^^^^
  File "C:\Users\user1\Desktop\RecipemanagerAPI\env\Lib\site-packages\rest_framework\views.py", line 330, in perform_authentication
    request.user
  File "C:\Users\user1\Desktop\RecipemanagerAPI\env\Lib\site-packages\rest_framework\request.py", line 232, in user
    self._authenticate()
    ~~~~~~~~~~~~~~~~~~^^
  File "C:\Users\user1\Desktop\RecipemanagerAPI\env\Lib\site-packages\rest_framework\request.py", line 385, in _authenticate
    user_auth_tuple = authenticator.authenticate(self)
  File "C:\Users\user1\Desktop\RecipemanagerAPI\env\Lib\site-packages\rest_framework_simplejwt\authentication.py", line 49, in authenticate
    validated_token = self.get_validated_token(raw_token)
  File "C:\Users\user1\Desktop\RecipemanagerAPI\env\Lib\site-packages\rest_framework_simplejwt\authentication.py", line 113, in get_validated_token
    raise InvalidToken(
    ...<4 lines>...
    )
rest_framework_simplejwt.exceptions.InvalidToken: {'detail': ErrorDetail(string='Given token not valid for any token type', code='token_not_valid'), 'code': ErrorDetail(string='token_not_valid', code='token_not_valid'), 'messages': [{'token_class': ErrorDetail(string='AccessToken', code='token_not_valid'), 'token_type': ErrorDetail(string='access', code='token_not_valid'), 'message': ErrorDetail(string='Token is invalid', code='token_not_valid')}]}

During handling of the above exception, another exception occurred:

Traceback (most recent call last):
  File "C:\Users\user1\Desktop\RecipemanagerAPI\env\Lib\site-packages\rest_framework\settings.py", line 179, in import_from_string
    return import_string(val)
  File "C:\Users\user1\Desktop\RecipemanagerAPI\env\Lib\site-packages\django\utils\module_loading.py", line 30, in import_string
    return cached_import(module_path, class_name)
  File "C:\Users\user1\Desktop\RecipemanagerAPI\env\Lib\site-packages\django\utils\module_loading.py", line 15, in cached_import
    module = import_module(module_path)
  File "C:\Users\user1\AppData\Local\Programs\Python\Python313\Lib\importlib\__init__.py", line 88, in import_module
    return _bootstrap._gcd_import(name[level:], package, level)
           ~~~~~~~~~~~~~~~~~~~~~~^^^^^^^^^^^^^^^^^^^^^^^^^^^^^^
  File "<frozen importlib._bootstrap>", line 1387, in _gcd_import
  File "<frozen importlib._bootstrap>", line 1360, in _find_and_load
  File "<frozen importlib._bootstrap>", line 1310, in _find_and_load_unlocked
  File "<frozen importlib._bootstrap>", line 488, in _call_with_frames_removed
  File "<frozen importlib._bootstrap>", line 1387, in _gcd_import
  File "<frozen importlib._bootstrap>", line 1360, in _find_and_load
  File "<frozen importlib._bootstrap>", line 1324, in _find_and_load_unlocked
ModuleNotFoundError: No module named 'api'

During handling of the above exception, another exception occurred:

Traceback (most recent call last):
  File "C:\Users\user1\Desktop\RecipemanagerAPI\env\Lib\site-packages\django\core\handlers\exception.py", line 55, in inner
    response = get_response(request)
  File "C:\Users\user1\Desktop\RecipemanagerAPI\env\Lib\site-packages\django\core\handlers\base.py", line 197, in _get_response
    response = wrapped_callback(request, *callback_args, **callback_kwargs)
  File "C:\Users\user1\Desktop\RecipemanagerAPI\env\Lib\site-packages\django\views\decorators\csrf.py", line 65, in _view_wrapper
    return view_func(request, *args, **kwargs)
  File "C:\Users\user1\Desktop\RecipemanagerAPI\env\Lib\site-packages\django\views\generic\base.py", line 105, in view
    return self.dispatch(request, *args, **kwargs)
           ~~~~~~~~~~~~~^^^^^^^^^^^^^^^^^^^^^^^^^^
  File "C:\Users\user1\Desktop\RecipemanagerAPI\env\Lib\site-packages\rest_framework\views.py", line 515, in dispatch
    response = self.handle_exception(exc)
  File "C:\Users\user1\Desktop\RecipemanagerAPI\env\Lib\site-packages\rest_framework\views.py", line 469, in handle_exception
    exception_handler = self.get_exception_handler()
  File "C:\Users\user1\Desktop\RecipemanagerAPI\env\Lib\site-packages\rest_framework\views.py", line 304, in get_exception_handler
    return self.settings.EXCEPTION_HANDLER
           ^^^^^^^^^^^^^^^^^^^^^^^^^^^^^^^
  File "C:\Users\user1\Desktop\RecipemanagerAPI\env\Lib\site-packages\rest_framework\settings.py", line 227, in __getattr__
    val = perform_import(val, attr)
  File "C:\Users\user1\Desktop\RecipemanagerAPI\env\Lib\site-packages\rest_framework\settings.py", line 168, in perform_import
    return import_from_string(val, setting_name)
  File "C:\Users\user1\Desktop\RecipemanagerAPI\env\Lib\site-packages\rest_framework\settings.py", line 182, in import_from_string
    raise ImportError(msg)
ImportError: Could not import 'api.exceptions.custom_exception_handler' for API setting 'EXCEPTION_HANDLER'. ModuleNotFoundError: No module named 'api'.
INFO 2025-11-20 09:59:18,470 autoreload 15196 12260 Watching for file changes with StatReloader
INFO 2025-11-20 09:59:24,637 basehttp 15196 14544 "GET /health/ HTTP/1.1" 301 0
INFO 2025-11-20 09:59:24,643 basehttp 15196 11520 code 400, message Bad request version ('À\x13À')
ERROR 2025-11-20 09:59:24,644 basehttp 15196 11520 You're accessing the development server over HTTPS, but it only supports HTTP.
INFO 2025-11-20 10:01:58,203 basehttp 15196 19016 "GET /health/ HTTP/1.1" 301 0
INFO 2025-11-20 10:01:58,208 basehttp 15196 14300 code 400, message Bad request version ('À\x13À')
ERROR 2025-11-20 10:01:58,208 basehttp 15196 14300 You're accessing the development server over HTTPS, but it only supports HTTP.
INFO 2025-11-20 10:02:04,201 basehttp 15196 13264 code 400, message Bad request version ('å~\x8e\x14Ø2&¸ÿh\x87ôùj')
ERROR 2025-11-20 10:02:04,202 basehttp 15196 13264 You're accessing the development server over HTTPS, but it only supports HTTP.
ERROR 2025-11-20 10:14:09,152 log 928 15152 Internal Server Error: /health/
Traceback (most recent call last):
  File "C:\Users\user1\Desktop\RecipemanagerAPI\env\Lib\site-packages\rest_framework\views.py", line 503, in dispatch
    self.initial(request, *args, **kwargs)
    ~~~~~~~~~~~~^^^^^^^^^^^^^^^^^^^^^^^^^^
  File "C:\Users\user1\Desktop\RecipemanagerAPI\env\Lib\site-packages\rest_framework\views.py", line 420, in initial
    self.perform_authentication(request)
    ~~~~~~~~~~~~~~~~~~~~~~~~~~~^^^^^^^^^
  File "C:\Users\user1\Desktop\RecipemanagerAPI\env\Lib\site-packages\rest_framework\views.py", line 330, in perform_authentication
    request.user
  File "C:\Users\user1\Desktop\RecipemanagerAPI\env\Lib\site-packages\rest_framework\request.py", line 232, in user
    self._authenticate()
    ~~~~~~~~~~~~~~~~~~^^
  File "C:\Users\user1\Desktop\RecipemanagerAPI\env\Lib\site-packages\rest_framework\request.py", line 385, in _authenticate
    user_auth_tuple = authenticator.authenticate(self)
  File "C:\Users\user1\Desktop\RecipemanagerAPI\env\Lib\site-packages\rest_framework_simplejwt\authentication.py", line 49, in authenticate
    validated_token = self.get_validated_token(raw_token)
  File "C:\Users\user1\Desktop\RecipemanagerAPI\env\Lib\site-packages\rest_framework_simplejwt\authentication.py", line 113, in get_validated_token
    raise InvalidToken(
    ...<4 lines>...
    )
rest_framework_simplejwt.exceptions.InvalidToken: {'detail': ErrorDetail(string='Given token not valid for any token type', code='token_not_valid'), 'code': ErrorDetail(string='token_not_valid', code='token_not_valid'), 'messages': [{'token_class': ErrorDetail(string='AccessToken', code='token_not_valid'), 'token_type': ErrorDetail(string='access', code='token_not_valid'), 'message': ErrorDetail(string='Token is invalid', code='token_not_valid')}]}

During handling of the above exception, another exception occurred:

Traceback (most recent call last):
  File "C:\Users\user1\Desktop\RecipemanagerAPI\env\Lib\site-packages\rest_framework\settings.py", line 179, in import_from_string
    return import_string(val)
  File "C:\Users\user1\Desktop\RecipemanagerAPI\env\Lib\site-packages\django\utils\module_loading.py", line 30, in import_string
    return cached_import(module_path, class_name)
  File "C:\Users\user1\Desktop\RecipemanagerAPI\env\Lib\site-packages\django\utils\module_loading.py", line 15, in cached_import
    module = import_module(module_path)
  File "C:\Users\user1\AppData\Local\Programs\Python\Python313\Lib\importlib\__init__.py", line 88, in import_module
    return _bootstrap._gcd_import(name[level:], package, level)
           ~~~~~~~~~~~~~~~~~~~~~~^^^^^^^^^^^^^^^^^^^^^^^^^^^^^^
  File "<frozen importlib._bootstrap>", line 1387, in _gcd_import
  File "<frozen importlib._bootstrap>", line 1360, in _find_and_load
  File "<frozen importlib._bootstrap>", line 1310, in _find_and_load_unlocked
  File "<frozen importlib._bootstrap>", line 488, in _call_with_frames_removed
  File "<frozen importlib._bootstrap>", line 1387, in _gcd_import
  File "<frozen importlib._bootstrap>", line 1360, in _find_and_load
  File "<frozen importlib._bootstrap>", line 1324, in _find_and_load_unlocked
ModuleNotFoundError: No module named 'api'

During handling of the above exception, another exception occurred:

Traceback (most recent call last):
  File "C:\Users\user1\Desktop\RecipemanagerAPI\env\Lib\site-packages\django\core\handlers\exception.py", line 55, in inner
    response = get_response(request)
  File "C:\Users\user1\Desktop\RecipemanagerAPI\env\Lib\site-packages\django\core\handlers\base.py", line 197, in _get_response
    response = wrapped_callback(request, *callback_args, **callback_kwargs)
  File "C:\Users\user1\Desktop\RecipemanagerAPI\env\Lib\site-packages\django\views\decorators\csrf.py", line 65, in _view_wrapper
    return view_func(request, *args, **kwargs)
  File "C:\Users\user1\Desktop\RecipemanagerAPI\env\Lib\site-packages\django\views\generic\base.py", line 105, in view
    return self.dispatch(request, *args, **kwargs)
           ~~~~~~~~~~~~~^^^^^^^^^^^^^^^^^^^^^^^^^^
  File "C:\Users\user1\Desktop\RecipemanagerAPI\env\Lib\site-packages\rest_framework\views.py", line 515, in dispatch
    response = self.handle_exception(exc)
  File "C:\Users\user1\Desktop\RecipemanagerAPI\env\Lib\site-packages\rest_framework\views.py", line 469, in handle_exception
    exception_handler = self.get_exception_handler()
  File "C:\Users\user1\Desktop\RecipemanagerAPI\env\Lib\site-packages\rest_framework\views.py", line 304, in get_exception_handler
    return self.settings.EXCEPTION_HANDLER
           ^^^^^^^^^^^^^^^^^^^^^^^^^^^^^^^
  File "C:\Users\user1\Desktop\RecipemanagerAPI\env\Lib\site-packages\rest_framework\settings.py", line 227, in __getattr__
    val = perform_import(val, attr)
  File "C:\Users\user1\Desktop\RecipemanagerAPI\env\Lib\site-packages\rest_framework\settings.py", line 168, in perform_import
    return import_from_string(val, setting_name)
  File "C:\Users\user1\Desktop\RecipemanagerAPI\env\Lib\site-packages\rest_framework\settings.py", line 182, in import_from_string
    raise ImportError(msg)
ImportError: Could not import 'api.exceptions.custom_exception_handler' for API setting 'EXCEPTION_HANDLER'. ModuleNotFoundError: No module named 'api'.
INFO 2025-11-20 10:16:41,234 autoreload 12528 22188 Watching for file changes with StatReloader
INFO 2025-11-20 10:16:57,368 basehttp 12528 9332 "GET / HTTP/1.1" 301 0
INFO 2025-11-20 10:16:57,375 basehttp 12528 1776 code 400, message Bad request version ('À\x13À')
ERROR 2025-11-20 10:16:57,376 basehttp 12528 1776 You're accessing the development server over HTTPS, but it only supports HTTP.
INFO 2025-11-20 10:18:47,309 autoreload 12528 22188 C:\Users\user1\Desktop\RecipemanagerAPI\RecipeAPI\RecipeAPI\settings.py changed, reloading.
